[debug] [2025-08-27T08:55:05.136Z] ----------------------------------------------------------------------
[debug] [2025-08-27T08:55:05.140Z] Command:       /opt/homebrew/Cellar/node/23.10.0_1/bin/node /opt/homebrew/bin/firebase init apphosting
[debug] [2025-08-27T08:55:05.140Z] CLI Version:   14.14.0
[debug] [2025-08-27T08:55:05.140Z] Platform:      darwin
[debug] [2025-08-27T08:55:05.140Z] Node Version:  v23.10.0
[debug] [2025-08-27T08:55:05.140Z] Time:          Wed Aug 27 2025 16:55:05 GMT+0800 (Singapore Standard Time)
[debug] [2025-08-27T08:55:05.140Z] ----------------------------------------------------------------------
[debug] 
[debug] [2025-08-27T08:55:05.143Z] > command requires scopes: ["email","openid","https://www.googleapis.com/auth/cloudplatformprojects.readonly","https://www.googleapis.com/auth/firebase","https://www.googleapis.com/auth/cloud-platform"]
[debug] [2025-08-27T08:55:05.143Z] > authorizing via signed-in user (peanutbutter.intelliexo@gmail.com)
[info] 
     ######## #### ########  ######## ########     ###     ######  ########
     ##        ##  ##     ## ##       ##     ##  ##   ##  ##       ##
     ######    ##  ########  ######   ########  #########  ######  ######
     ##        ##  ##    ##  ##       ##     ## ##     ##       ## ##
     ##       #### ##     ## ######## ########  ##     ##  ######  ########

You're about to initialize a Firebase project in this directory:

  /Users/shawn/Documents/year 4/is483 fyp/fyp-frontend

[info] 
=== Project Setup
[info] 
[info] First, let's associate this project directory with a Firebase project.
[info] You can create multiple project aliases by running firebase use --add, 
[info] but for now we'll just set up a default project.
[info] 
[debug] [2025-08-27T08:56:49.725Z] Checked if tokens are valid: false, expires at: 1756239009331
[debug] [2025-08-27T08:56:49.726Z] Checked if tokens are valid: false, expires at: 1756239009331
[debug] [2025-08-27T08:56:49.726Z] > refreshing access token with scopes: []
[debug] [2025-08-27T08:56:49.728Z] >>> [apiv2][query] POST https://www.googleapis.com/oauth2/v3/token [none]
[debug] [2025-08-27T08:56:49.728Z] >>> [apiv2][body] POST https://www.googleapis.com/oauth2/v3/token [omitted]
[debug] [2025-08-27T08:56:49.899Z] <<< [apiv2][status] POST https://www.googleapis.com/oauth2/v3/token 200
[debug] [2025-08-27T08:56:49.899Z] <<< [apiv2][body] POST https://www.googleapis.com/oauth2/v3/token [omitted]
[debug] [2025-08-27T08:56:49.913Z] >>> [apiv2][query] GET https://firebase.googleapis.com/v1beta1/projects pageSize=100
[debug] [2025-08-27T08:56:50.811Z] <<< [apiv2][status] GET https://firebase.googleapis.com/v1beta1/projects 200
[debug] [2025-08-27T08:56:50.811Z] <<< [apiv2][body] GET https://firebase.googleapis.com/v1beta1/projects [omitted]
[info] i  Using project intelli-exo-c0d65 (intelli-exo) 
[info] 
=== App Hosting Setup
[debug] [2025-08-27T08:56:52.052Z] Checked if tokens are valid: true, expires at: 1756288608899
[debug] [2025-08-27T08:56:52.052Z] Checked if tokens are valid: true, expires at: 1756288608899
[debug] [2025-08-27T08:56:52.052Z] >>> [apiv2][query] GET https://cloudbilling.googleapis.com/v1/projects/intelli-exo-c0d65/billingInfo [none]
[debug] [2025-08-27T08:56:53.581Z] <<< [apiv2][status] GET https://cloudbilling.googleapis.com/v1/projects/intelli-exo-c0d65/billingInfo 200
[debug] [2025-08-27T08:56:53.582Z] <<< [apiv2][body] GET https://cloudbilling.googleapis.com/v1/projects/intelli-exo-c0d65/billingInfo {"name":"projects/intelli-exo-c0d65/billingInfo","projectId":"intelli-exo-c0d65","billingAccountName":"billingAccounts/010B15-45AE01-38205A","billingEnabled":true}
[debug] [2025-08-27T08:56:53.583Z] Checked if tokens are valid: true, expires at: 1756288608899
[debug] [2025-08-27T08:56:53.583Z] Checked if tokens are valid: true, expires at: 1756288608899
[debug] [2025-08-27T08:56:53.583Z] >>> [apiv2][query] GET https://serviceusage.googleapis.com/v1/projects/intelli-exo-c0d65/services/firebaseapphosting.googleapis.com [none]
[debug] [2025-08-27T08:56:53.583Z] >>> [apiv2][(partial)header] GET https://serviceusage.googleapis.com/v1/projects/intelli-exo-c0d65/services/firebaseapphosting.googleapis.com x-goog-quota-user=projects/intelli-exo-c0d65
[debug] [2025-08-27T08:56:55.058Z] <<< [apiv2][status] GET https://serviceusage.googleapis.com/v1/projects/intelli-exo-c0d65/services/firebaseapphosting.googleapis.com 200
[debug] [2025-08-27T08:56:55.058Z] <<< [apiv2][body] GET https://serviceusage.googleapis.com/v1/projects/intelli-exo-c0d65/services/firebaseapphosting.googleapis.com [omitted]
[debug] [2025-08-27T08:56:55.066Z] Checked if tokens are valid: true, expires at: 1756288608899
[debug] [2025-08-27T08:56:55.066Z] Checked if tokens are valid: true, expires at: 1756288608899
[debug] [2025-08-27T08:56:55.067Z] Checked if tokens are valid: true, expires at: 1756288608899
[debug] [2025-08-27T08:56:55.067Z] Checked if tokens are valid: true, expires at: 1756288608899
[debug] [2025-08-27T08:56:55.067Z] Checked if tokens are valid: true, expires at: 1756288608899
[debug] [2025-08-27T08:56:55.067Z] Checked if tokens are valid: true, expires at: 1756288608899
[debug] [2025-08-27T08:56:55.068Z] Checked if tokens are valid: true, expires at: 1756288608899
[debug] [2025-08-27T08:56:55.068Z] Checked if tokens are valid: true, expires at: 1756288608899
[debug] [2025-08-27T08:56:55.068Z] >>> [apiv2][query] GET https://serviceusage.googleapis.com/v1/projects/intelli-exo-c0d65/services/developerconnect.googleapis.com [none]
[debug] [2025-08-27T08:56:55.068Z] >>> [apiv2][(partial)header] GET https://serviceusage.googleapis.com/v1/projects/intelli-exo-c0d65/services/developerconnect.googleapis.com x-goog-quota-user=projects/intelli-exo-c0d65
[debug] [2025-08-27T08:56:55.069Z] >>> [apiv2][query] GET https://serviceusage.googleapis.com/v1/projects/intelli-exo-c0d65/services/secretmanager.googleapis.com [none]
[debug] [2025-08-27T08:56:55.069Z] >>> [apiv2][(partial)header] GET https://serviceusage.googleapis.com/v1/projects/intelli-exo-c0d65/services/secretmanager.googleapis.com x-goog-quota-user=projects/intelli-exo-c0d65
[debug] [2025-08-27T08:56:55.071Z] >>> [apiv2][query] GET https://serviceusage.googleapis.com/v1/projects/intelli-exo-c0d65/services/run.googleapis.com [none]
[debug] [2025-08-27T08:56:55.071Z] >>> [apiv2][(partial)header] GET https://serviceusage.googleapis.com/v1/projects/intelli-exo-c0d65/services/run.googleapis.com x-goog-quota-user=projects/intelli-exo-c0d65
[debug] [2025-08-27T08:56:55.073Z] >>> [apiv2][query] GET https://serviceusage.googleapis.com/v1/projects/intelli-exo-c0d65/services/iam.googleapis.com [none]
[debug] [2025-08-27T08:56:55.073Z] >>> [apiv2][(partial)header] GET https://serviceusage.googleapis.com/v1/projects/intelli-exo-c0d65/services/iam.googleapis.com x-goog-quota-user=projects/intelli-exo-c0d65
[debug] [2025-08-27T08:56:55.734Z] <<< [apiv2][status] GET https://serviceusage.googleapis.com/v1/projects/intelli-exo-c0d65/services/developerconnect.googleapis.com 200
[debug] [2025-08-27T08:56:55.734Z] <<< [apiv2][body] GET https://serviceusage.googleapis.com/v1/projects/intelli-exo-c0d65/services/developerconnect.googleapis.com [omitted]
[debug] [2025-08-27T08:56:56.655Z] <<< [apiv2][status] GET https://serviceusage.googleapis.com/v1/projects/intelli-exo-c0d65/services/iam.googleapis.com 200
[debug] [2025-08-27T08:56:56.656Z] <<< [apiv2][body] GET https://serviceusage.googleapis.com/v1/projects/intelli-exo-c0d65/services/iam.googleapis.com [omitted]
[debug] [2025-08-27T08:56:56.663Z] <<< [apiv2][status] GET https://serviceusage.googleapis.com/v1/projects/intelli-exo-c0d65/services/secretmanager.googleapis.com 200
[debug] [2025-08-27T08:56:56.664Z] <<< [apiv2][body] GET https://serviceusage.googleapis.com/v1/projects/intelli-exo-c0d65/services/secretmanager.googleapis.com [omitted]
[debug] [2025-08-27T08:56:56.669Z] <<< [apiv2][status] GET https://serviceusage.googleapis.com/v1/projects/intelli-exo-c0d65/services/run.googleapis.com 200
[debug] [2025-08-27T08:56:56.669Z] <<< [apiv2][body] GET https://serviceusage.googleapis.com/v1/projects/intelli-exo-c0d65/services/run.googleapis.com [omitted]
[debug] [2025-08-27T08:56:56.675Z] Checked if tokens are valid: true, expires at: 1756288608899
[debug] [2025-08-27T08:56:56.675Z] Checked if tokens are valid: true, expires at: 1756288608899
[debug] [2025-08-27T08:56:56.675Z] >>> [apiv2][query] POST https://iam.googleapis.com/v1/projects/intelli-exo-c0d65/serviceAccounts/firebase-app-hosting-compute@intelli-exo-c0d65.iam.gserviceaccount.com:testIamPermissions [none]
[debug] [2025-08-27T08:56:56.675Z] >>> [apiv2][(partial)header] POST https://iam.googleapis.com/v1/projects/intelli-exo-c0d65/serviceAccounts/firebase-app-hosting-compute@intelli-exo-c0d65.iam.gserviceaccount.com:testIamPermissions x-goog-quota-user=projects/intelli-exo-c0d65
[debug] [2025-08-27T08:56:56.675Z] >>> [apiv2][body] POST https://iam.googleapis.com/v1/projects/intelli-exo-c0d65/serviceAccounts/firebase-app-hosting-compute@intelli-exo-c0d65.iam.gserviceaccount.com:testIamPermissions {"permissions":["iam.serviceAccounts.actAs"]}
[debug] [2025-08-27T08:56:58.018Z] <<< [apiv2][status] POST https://iam.googleapis.com/v1/projects/intelli-exo-c0d65/serviceAccounts/firebase-app-hosting-compute@intelli-exo-c0d65.iam.gserviceaccount.com:testIamPermissions 200
[debug] [2025-08-27T08:56:58.018Z] <<< [apiv2][body] POST https://iam.googleapis.com/v1/projects/intelli-exo-c0d65/serviceAccounts/firebase-app-hosting-compute@intelli-exo-c0d65.iam.gserviceaccount.com:testIamPermissions {"permissions":["iam.serviceAccounts.actAs"]}
[debug] [2025-08-27T08:56:58.019Z] Checked if tokens are valid: true, expires at: 1756288608899
[debug] [2025-08-27T08:56:58.019Z] Checked if tokens are valid: true, expires at: 1756288608899
[debug] [2025-08-27T08:56:58.019Z] >>> [apiv2][query] POST https://iam.googleapis.com/v1/projects/intelli-exo-c0d65/serviceAccounts [none]
[debug] [2025-08-27T08:56:58.019Z] >>> [apiv2][body] POST https://iam.googleapis.com/v1/projects/intelli-exo-c0d65/serviceAccounts {"accountId":"firebase-app-hosting-compute","serviceAccount":{"displayName":"Firebase App Hosting compute service account","description":"Default service account used to run builds and deploys for Firebase App Hosting"}}
[debug] [2025-08-27T08:56:59.466Z] <<< [apiv2][status] POST https://iam.googleapis.com/v1/projects/intelli-exo-c0d65/serviceAccounts 409
[debug] [2025-08-27T08:56:59.466Z] <<< [apiv2][body] POST https://iam.googleapis.com/v1/projects/intelli-exo-c0d65/serviceAccounts [omitted]
[debug] [2025-08-27T08:56:59.468Z] Checked if tokens are valid: true, expires at: 1756288608899
[debug] [2025-08-27T08:56:59.468Z] Checked if tokens are valid: true, expires at: 1756288608899
[debug] [2025-08-27T08:56:59.468Z] >>> [apiv2][query] POST https://cloudresourcemanager.googleapis.com/v1/projects/intelli-exo-c0d65:getIamPolicy [none]
[debug] [2025-08-27T08:57:00.753Z] <<< [apiv2][status] POST https://cloudresourcemanager.googleapis.com/v1/projects/intelli-exo-c0d65:getIamPolicy 200
[debug] [2025-08-27T08:57:00.753Z] <<< [apiv2][body] POST https://cloudresourcemanager.googleapis.com/v1/projects/intelli-exo-c0d65:getIamPolicy {"version":1,"etag":"BwY9VK73+h0=","bindings":[{"role":"roles/artifactregistry.serviceAgent","members":["serviceAccount:service-214886765757@gcp-sa-artifactregistry.iam.gserviceaccount.com"]},{"role":"roles/cloudaicompanion.serviceAgent","members":["serviceAccount:service-214886765757@gcp-sa-cloudaicompanion.iam.gserviceaccount.com"]},{"role":"roles/cloudbuild.builds.builder","members":["serviceAccount:214886765757@cloudbuild.gserviceaccount.com"]},{"role":"roles/cloudbuild.serviceAgent","members":["serviceAccount:service-214886765757@gcp-sa-cloudbuild.iam.gserviceaccount.com"]},{"role":"roles/cloudfunctions.serviceAgent","members":["serviceAccount:service-214886765757@gcf-admin-robot.iam.gserviceaccount.com"]},{"role":"roles/containerregistry.ServiceAgent","members":["serviceAccount:service-214886765757@containerregistry.iam.gserviceaccount.com"]},{"role":"roles/developerconnect.readTokenAccessor","members":["serviceAccount:firebase-app-hosting-compute@intelli-exo-c0d65.iam.gserviceaccount.com"]},{"role":"roles/developerconnect.serviceAgent","members":["serviceAccount:service-214886765757@gcp-sa-devconnect.iam.gserviceaccount.com"]},{"role":"roles/editor","members":["serviceAccount:214886765757-compute@developer.gserviceaccount.com","serviceAccount:intelli-exo-c0d65@appspot.gserviceaccount.com"]},{"role":"roles/firebase.managementServiceAgent","members":["serviceAccount:service-214886765757@gcp-sa-firebase.iam.gserviceaccount.com"]},{"role":"roles/firebase.sdkAdminServiceAgent","members":["serviceAccount:firebase-adminsdk-fbsvc@intelli-exo-c0d65.iam.gserviceaccount.com","serviceAccount:firebase-app-hosting-compute@intelli-exo-c0d65.iam.gserviceaccount.com"]},{"role":"roles/firebaseapphosting.computeRunner","members":["serviceAccount:firebase-app-hosting-compute@intelli-exo-c0d65.iam.gserviceaccount.com"]},{"role":"roles/firebaseapphosting.serviceAgent","members":["serviceAccount:service-214886765757@gcp-sa-firebaseapphosting.iam.gserviceaccount.com"]},{"role":"roles/firebaseauth.admin","members":["serviceAccount:firebase-adminsdk-fbsvc@intelli-exo-c0d65.iam.gserviceaccount.com"]},{"role":"roles/firebaserules.system","members":["serviceAccount:service-214886765757@firebase-rules.iam.gserviceaccount.com"]},{"role":"roles/firebasestorage.serviceAgent","members":["serviceAccount:service-214886765757@gcp-sa-firebasestorage.iam.gserviceaccount.com"]},{"role":"roles/firestore.serviceAgent","members":["serviceAccount:service-214886765757@gcp-sa-firestore.iam.gserviceaccount.com"]},{"role":"roles/iam.serviceAccountTokenCreator","members":["serviceAccount:firebase-adminsdk-fbsvc@intelli-exo-c0d65.iam.gserviceaccount.com"]},{"role":"roles/owner","members":["user:peanutbutter.intelliexo@gmail.com"]},{"role":"roles/run.serviceAgent","members":["serviceAccount:service-214886765757@serverless-robot-prod.iam.gserviceaccount.com"]},{"role":"roles/secretmanager.admin_withcond_43e8c0891de2108d4524","members":["serviceAccount:service-214886765757@gcp-sa-devconnect.iam.gserviceaccount.com"]},{"role":"roles/storage.admin","members":["serviceAccount:firebase-adminsdk-fbsvc@intelli-exo-c0d65.iam.gserviceaccount.com"]}]}
[debug] [2025-08-27T08:57:00.754Z] Checked if tokens are valid: true, expires at: 1756288608899
[debug] [2025-08-27T08:57:00.754Z] Checked if tokens are valid: true, expires at: 1756288608899
[debug] [2025-08-27T08:57:00.754Z] >>> [apiv2][query] POST https://cloudresourcemanager.googleapis.com/v1/projects/intelli-exo-c0d65:setIamPolicy [none]
[debug] [2025-08-27T08:57:00.754Z] >>> [apiv2][body] POST https://cloudresourcemanager.googleapis.com/v1/projects/intelli-exo-c0d65:setIamPolicy {"policy":{"version":1,"etag":"BwY9VK73+h0=","bindings":[{"role":"roles/artifactregistry.serviceAgent","members":["serviceAccount:service-214886765757@gcp-sa-artifactregistry.iam.gserviceaccount.com"]},{"role":"roles/cloudaicompanion.serviceAgent","members":["serviceAccount:service-214886765757@gcp-sa-cloudaicompanion.iam.gserviceaccount.com"]},{"role":"roles/cloudbuild.builds.builder","members":["serviceAccount:214886765757@cloudbuild.gserviceaccount.com"]},{"role":"roles/cloudbuild.serviceAgent","members":["serviceAccount:service-214886765757@gcp-sa-cloudbuild.iam.gserviceaccount.com"]},{"role":"roles/cloudfunctions.serviceAgent","members":["serviceAccount:service-214886765757@gcf-admin-robot.iam.gserviceaccount.com"]},{"role":"roles/containerregistry.ServiceAgent","members":["serviceAccount:service-214886765757@containerregistry.iam.gserviceaccount.com"]},{"role":"roles/developerconnect.readTokenAccessor","members":["serviceAccount:firebase-app-hosting-compute@intelli-exo-c0d65.iam.gserviceaccount.com"]},{"role":"roles/developerconnect.serviceAgent","members":["serviceAccount:service-214886765757@gcp-sa-devconnect.iam.gserviceaccount.com"]},{"role":"roles/editor","members":["serviceAccount:214886765757-compute@developer.gserviceaccount.com","serviceAccount:intelli-exo-c0d65@appspot.gserviceaccount.com"]},{"role":"roles/firebase.managementServiceAgent","members":["serviceAccount:service-214886765757@gcp-sa-firebase.iam.gserviceaccount.com"]},{"role":"roles/firebase.sdkAdminServiceAgent","members":["serviceAccount:firebase-adminsdk-fbsvc@intelli-exo-c0d65.iam.gserviceaccount.com","serviceAccount:firebase-app-hosting-compute@intelli-exo-c0d65.iam.gserviceaccount.com"]},{"role":"roles/firebaseapphosting.computeRunner","members":["serviceAccount:firebase-app-hosting-compute@intelli-exo-c0d65.iam.gserviceaccount.com"]},{"role":"roles/firebaseapphosting.serviceAgent","members":["serviceAccount:service-214886765757@gcp-sa-firebaseapphosting.iam.gserviceaccount.com"]},{"role":"roles/firebaseauth.admin","members":["serviceAccount:firebase-adminsdk-fbsvc@intelli-exo-c0d65.iam.gserviceaccount.com"]},{"role":"roles/firebaserules.system","members":["serviceAccount:service-214886765757@firebase-rules.iam.gserviceaccount.com"]},{"role":"roles/firebasestorage.serviceAgent","members":["serviceAccount:service-214886765757@gcp-sa-firebasestorage.iam.gserviceaccount.com"]},{"role":"roles/firestore.serviceAgent","members":["serviceAccount:service-214886765757@gcp-sa-firestore.iam.gserviceaccount.com"]},{"role":"roles/iam.serviceAccountTokenCreator","members":["serviceAccount:firebase-adminsdk-fbsvc@intelli-exo-c0d65.iam.gserviceaccount.com"]},{"role":"roles/owner","members":["user:peanutbutter.intelliexo@gmail.com"]},{"role":"roles/run.serviceAgent","members":["serviceAccount:service-214886765757@serverless-robot-prod.iam.gserviceaccount.com"]},{"role":"roles/secretmanager.admin_withcond_43e8c0891de2108d4524","members":["serviceAccount:service-214886765757@gcp-sa-devconnect.iam.gserviceaccount.com"]},{"role":"roles/storage.admin","members":["serviceAccount:firebase-adminsdk-fbsvc@intelli-exo-c0d65.iam.gserviceaccount.com"]},{"role":"roles/storage.objectViewer","members":["serviceAccount:firebase-app-hosting-compute@intelli-exo-c0d65.iam.gserviceaccount.com"]}]},"updateMask":"bindings"}
[debug] [2025-08-27T08:57:01.831Z] <<< [apiv2][status] POST https://cloudresourcemanager.googleapis.com/v1/projects/intelli-exo-c0d65:setIamPolicy 200
[debug] [2025-08-27T08:57:01.831Z] <<< [apiv2][body] POST https://cloudresourcemanager.googleapis.com/v1/projects/intelli-exo-c0d65:setIamPolicy {"version":1,"etag":"BwY9VPjX1bE=","bindings":[{"role":"roles/artifactregistry.serviceAgent","members":["serviceAccount:service-214886765757@gcp-sa-artifactregistry.iam.gserviceaccount.com"]},{"role":"roles/cloudaicompanion.serviceAgent","members":["serviceAccount:service-214886765757@gcp-sa-cloudaicompanion.iam.gserviceaccount.com"]},{"role":"roles/cloudbuild.builds.builder","members":["serviceAccount:214886765757@cloudbuild.gserviceaccount.com"]},{"role":"roles/cloudbuild.serviceAgent","members":["serviceAccount:service-214886765757@gcp-sa-cloudbuild.iam.gserviceaccount.com"]},{"role":"roles/cloudfunctions.serviceAgent","members":["serviceAccount:service-214886765757@gcf-admin-robot.iam.gserviceaccount.com"]},{"role":"roles/containerregistry.ServiceAgent","members":["serviceAccount:service-214886765757@containerregistry.iam.gserviceaccount.com"]},{"role":"roles/developerconnect.readTokenAccessor","members":["serviceAccount:firebase-app-hosting-compute@intelli-exo-c0d65.iam.gserviceaccount.com"]},{"role":"roles/developerconnect.serviceAgent","members":["serviceAccount:service-214886765757@gcp-sa-devconnect.iam.gserviceaccount.com"]},{"role":"roles/editor","members":["serviceAccount:214886765757-compute@developer.gserviceaccount.com","serviceAccount:intelli-exo-c0d65@appspot.gserviceaccount.com"]},{"role":"roles/firebase.managementServiceAgent","members":["serviceAccount:service-214886765757@gcp-sa-firebase.iam.gserviceaccount.com"]},{"role":"roles/firebase.sdkAdminServiceAgent","members":["serviceAccount:firebase-adminsdk-fbsvc@intelli-exo-c0d65.iam.gserviceaccount.com","serviceAccount:firebase-app-hosting-compute@intelli-exo-c0d65.iam.gserviceaccount.com"]},{"role":"roles/firebaseapphosting.computeRunner","members":["serviceAccount:firebase-app-hosting-compute@intelli-exo-c0d65.iam.gserviceaccount.com"]},{"role":"roles/firebaseapphosting.serviceAgent","members":["serviceAccount:service-214886765757@gcp-sa-firebaseapphosting.iam.gserviceaccount.com"]},{"role":"roles/firebaseauth.admin","members":["serviceAccount:firebase-adminsdk-fbsvc@intelli-exo-c0d65.iam.gserviceaccount.com"]},{"role":"roles/firebaserules.system","members":["serviceAccount:service-214886765757@firebase-rules.iam.gserviceaccount.com"]},{"role":"roles/firebasestorage.serviceAgent","members":["serviceAccount:service-214886765757@gcp-sa-firebasestorage.iam.gserviceaccount.com"]},{"role":"roles/firestore.serviceAgent","members":["serviceAccount:service-214886765757@gcp-sa-firestore.iam.gserviceaccount.com"]},{"role":"roles/iam.serviceAccountTokenCreator","members":["serviceAccount:firebase-adminsdk-fbsvc@intelli-exo-c0d65.iam.gserviceaccount.com"]},{"role":"roles/owner","members":["user:peanutbutter.intelliexo@gmail.com"]},{"role":"roles/run.serviceAgent","members":["serviceAccount:service-214886765757@serverless-robot-prod.iam.gserviceaccount.com"]},{"role":"roles/secretmanager.admin_withcond_43e8c0891de2108d4524","members":["serviceAccount:service-214886765757@gcp-sa-devconnect.iam.gserviceaccount.com"]},{"role":"roles/storage.admin","members":["serviceAccount:firebase-adminsdk-fbsvc@intelli-exo-c0d65.iam.gserviceaccount.com"]},{"role":"roles/storage.objectViewer","members":["serviceAccount:firebase-app-hosting-compute@intelli-exo-c0d65.iam.gserviceaccount.com"]}]}
[info] i  This command links your local project to Firebase App Hosting. You will be able to deploy your web app with `firebase deploy` after setup. 
[debug] [2025-08-27T08:57:23.300Z] Checked if tokens are valid: true, expires at: 1756288608899
[debug] [2025-08-27T08:57:23.301Z] Checked if tokens are valid: true, expires at: 1756288608899
[debug] [2025-08-27T08:57:23.301Z] >>> [apiv2][query] GET https://firebaseapphosting.googleapis.com/v1beta/projects/intelli-exo-c0d65/locations/-/backends 
[debug] [2025-08-27T08:57:24.915Z] <<< [apiv2][status] GET https://firebaseapphosting.googleapis.com/v1beta/projects/intelli-exo-c0d65/locations/-/backends 200
[debug] [2025-08-27T08:57:24.915Z] <<< [apiv2][body] GET https://firebaseapphosting.googleapis.com/v1beta/projects/intelli-exo-c0d65/locations/-/backends {"backends":[{"name":"projects/intelli-exo-c0d65/locations/asia-east1/backends/fyp-frontend","createTime":"2025-08-27T08:37:45.216275711Z","updateTime":"2025-08-27T08:37:46.962874Z","uri":"fyp-frontend--intelli-exo-c0d65.asia-east1.hosted.app","codebase":{"repository":"projects/intelli-exo-c0d65/locations/asia-east1/connections/apphosting-github-conn-nkxrofj/gitRepositoryLinks/shawnwjh-fyp-frontend","rootDirectory":"/"},"uid":"791edcce-9137-4e9f-b15c-c74d7648a98a","etag":"7w2Com43zpmv09sKUNNAt-Rj4mvxKK7cQ17HCxhgZ-A","reconciling":false,"servingLocality":"GLOBAL_ACCESS","serviceAccount":"firebase-app-hosting-compute@intelli-exo-c0d65.iam.gserviceaccount.com","appId":"1:214886765757:web:bba6dffabad943c11213d4"}]}
[info] i  === Deploy local source setup 
[debug] [2025-08-27T08:57:44.283Z] ExitPromptError: User force closed the prompt with SIGINT
    at Interface.sigint (/opt/homebrew/lib/node_modules/firebase-tools/node_modules/@inquirer/core/dist/commonjs/lib/create-prompt.js:101:37)
    at Interface.emit (node:events:507:28)
    at Interface.emit (node:domain:489:12)
    at [_ttyWrite] [as _ttyWrite] (node:internal/readline/interface:1129:18)
    at ReadStream.onkeypress (node:internal/readline/interface:268:20)
    at ReadStream.emit (node:events:519:35)
    at ReadStream.emit (node:domain:489:12)
    at emitKeys (node:internal/readline/utils:370:14)
    at emitKeys.next (<anonymous>)
    at ReadStream.onData (node:internal/readline/emitKeypressEvents:64:36)
[error] 
[error] Error: An unexpected error has occurred.
